2023/09/07 14:37:11 - mmengine - INFO - 
------------------------------------------------------------
System environment:
    sys.platform: linux
    Python: 3.8.17 (default, Jul  5 2023, 21:04:15) [GCC 11.2.0]
    CUDA available: False
    numpy_random_seed: 0
    GCC: gcc (Ubuntu 11.4.0-1ubuntu1~22.04) 11.4.0
    PyTorch: 2.0.1
    PyTorch compiling details: PyTorch built with:
  - GCC 9.3
  - C++ Version: 201703
  - Intel(R) oneAPI Math Kernel Library Version 2023.1-Product Build 20230303 for Intel(R) 64 architecture applications
  - Intel(R) MKL-DNN v2.7.3 (Git Hash 6dbeffbae1f23cbbeae17adb7b5b13f1f37c080e)
  - OpenMP 201511 (a.k.a. OpenMP 4.5)
  - LAPACK is enabled (usually provided by MKL)
  - NNPACK is enabled
  - CPU capability usage: AVX2
  - Build settings: BLAS_INFO=mkl, BUILD_TYPE=Release, CXX_COMPILER=/opt/rh/devtoolset-9/root/usr/bin/c++, CXX_FLAGS= -D_GLIBCXX_USE_CXX11_ABI=0 -fabi-version=11 -Wno-deprecated -fvisibility-inlines-hidden -DUSE_PTHREADPOOL -DNDEBUG -DUSE_KINETO -DLIBKINETO_NOCUPTI -DLIBKINETO_NOROCTRACER -DUSE_FBGEMM -DUSE_QNNPACK -DUSE_PYTORCH_QNNPACK -DUSE_XNNPACK -DSYMBOLICATE_MOBILE_DEBUG_HANDLE -O2 -fPIC -Wall -Wextra -Werror=return-type -Werror=non-virtual-dtor -Werror=bool-operation -Wnarrowing -Wno-missing-field-initializers -Wno-type-limits -Wno-array-bounds -Wno-unknown-pragmas -Wunused-local-typedefs -Wno-unused-parameter -Wno-unused-function -Wno-unused-result -Wno-strict-overflow -Wno-strict-aliasing -Wno-error=deprecated-declarations -Wno-stringop-overflow -Wno-psabi -Wno-error=pedantic -Wno-error=redundant-decls -Wno-error=old-style-cast -fdiagnostics-color=always -faligned-new -Wno-unused-but-set-variable -Wno-maybe-uninitialized -fno-math-errno -fno-trapping-math -Werror=format -Werror=cast-function-type -Wno-stringop-overflow, LAPACK_INFO=mkl, PERF_WITH_AVX=1, PERF_WITH_AVX2=1, PERF_WITH_AVX512=1, TORCH_DISABLE_GPU_ASSERTS=ON, TORCH_VERSION=2.0.1, USE_CUDA=0, USE_CUDNN=OFF, USE_EXCEPTION_PTR=1, USE_GFLAGS=OFF, USE_GLOG=OFF, USE_MKL=ON, USE_MKLDNN=ON, USE_MPI=OFF, USE_NCCL=OFF, USE_NNPACK=ON, USE_OPENMP=ON, USE_ROCM=OFF, 

    TorchVision: 0.15.2
    OpenCV: 4.8.0
    MMEngine: 0.8.4

Runtime environment:
    cudnn_benchmark: False
    mp_cfg: {'mp_start_method': 'fork', 'opencv_num_threads': 0}
    dist_cfg: {'backend': 'nccl'}
    seed: 0
    deterministic: True
    Distributed launcher: none
    Distributed training: False
    GPU number: 1
------------------------------------------------------------

2023/09/07 14:37:11 - mmengine - INFO - Config:
data_root = '../data_dir/kvasir/'
dataset_type = 'mmcls.CustomDataset'
default_hooks = dict(
    checkpoint=dict(interval=1, max_keep_ckpts=3, type='CheckpointHook'),
    logger=dict(interval=1200, type='LoggerHook'),
    param_scheduler=dict(type='ParamSchedulerHook'),
    runtime_info=dict(type='RuntimeInfoHook'),
    sampler_seed=dict(type='DistSamplerSeedHook'),
    timer=dict(type='IterTimerHook'))
default_scope = 'mmselfsup'
env_cfg = dict(
    cudnn_benchmark=False,
    dist_cfg=dict(backend='nccl'),
    mp_cfg=dict(mp_start_method='fork', opencv_num_threads=0))
load_from = None
log_level = 'INFO'
log_processor = dict(
    custom_cfg=[
        dict(data_src='', method='mean', window_size='global'),
    ],
    window_size=10)
model = dict(
    backbone=dict(
        depth=50,
        in_channels=3,
        norm_cfg=dict(type='BN'),
        out_indices=[
            4,
        ],
        type='ResNet'),
    data_preprocessor=dict(
        bgr_to_rgb=True,
        mean=[
            141.46,
            95.78,
            85.52,
        ],
        std=[
            81.42,
            61.04,
            58.85,
        ],
        type='mmselfsup.RelativeLocDataPreprocessor'),
    head=dict(
        in_channels=4096,
        init_cfg=[
            dict(layer='Linear', std=0.005, type='Normal'),
            dict(layer=[
                '_BatchNorm',
                'GroupNorm',
            ], type='Constant', val=1),
        ],
        loss=dict(type='mmcls.CrossEntropyLoss'),
        num_classes=8,
        type='ClsHead',
        with_avg_pool=False),
    neck=dict(
        in_channels=2048,
        out_channels=4096,
        type='RelativeLocNeck',
        with_avg_pool=True),
    type='RelativeLoc')
optim_wrapper = dict(
    optimizer=dict(lr=0.1, momentum=0.9, type='SGD', weight_decay=0.0001),
    paramwise_cfg=dict(
        custom_keys=dict(head=dict(decay_mult=5.0), neck=dict(
            decay_mult=5.0))),
    type='OptimWrapper')
optimizer = dict(lr=0.1, momentum=0.9, type='SGD', weight_decay=0.0001)
param_scheduler = [
    dict(
        by_epoch=True,
        gamma=0.1,
        milestones=[
            15,
            25,
            35,
        ],
        type='MultiStepLR'),
]
randomness = dict(deterministic=True, seed=0)
resume = False
train_cfg = dict(max_epochs=50, type='EpochBasedTrainLoop')
train_dataloader = dict(
    batch_size=64,
    collate_fn=dict(type='default_collate'),
    dataset=dict(
        data_prefix='',
        data_root='../data_dir/kvasir/',
        pipeline=[
            dict(type='LoadImageFromFile'),
            dict(scale=292, type='Resize'),
            dict(size=255, type='RandomCrop'),
            dict(keep_channels=True, prob=0.66, type='RandomGrayscale'),
            dict(type='RandomPatchWithLabels'),
            dict(
                meta_keys=[
                    'img_path',
                ],
                pseudo_label_keys=[
                    'patch_box',
                    'patch_label',
                    'unpatched_img',
                ],
                type='PackSelfSupInputs'),
        ],
        type='mmcls.CustomDataset'),
    num_workers=4,
    persistent_workers=True,
    sampler=dict(shuffle=True, type='DefaultSampler'))
train_pipeline = [
    dict(type='LoadImageFromFile'),
    dict(scale=292, type='Resize'),
    dict(size=255, type='RandomCrop'),
    dict(keep_channels=True, prob=0.66, type='RandomGrayscale'),
    dict(type='RandomPatchWithLabels'),
    dict(
        meta_keys=[
            'img_path',
        ],
        pseudo_label_keys=[
            'patch_box',
            'patch_label',
            'unpatched_img',
        ],
        type='PackSelfSupInputs'),
]
vis_backends = [
    dict(type='LocalVisBackend'),
]
visualizer = dict(
    name='visualizer',
    type='SelfSupVisualizer',
    vis_backends=[
        dict(type='LocalVisBackend'),
    ])
work_dir = 'relative-location/results_pretrain'

2023/09/07 14:37:14 - mmengine - INFO - Distributed training is not used, all SyncBatchNorm (SyncBN) layers in the model will be automatically reverted to BatchNormXd layers if they are used.
2023/09/07 14:37:14 - mmengine - INFO - Hooks will be executed in the following order:
before_run:
(VERY_HIGH   ) RuntimeInfoHook                    
(BELOW_NORMAL) LoggerHook                         
 -------------------- 
before_train:
(VERY_HIGH   ) RuntimeInfoHook                    
(NORMAL      ) IterTimerHook                      
(VERY_LOW    ) CheckpointHook                     
 -------------------- 
before_train_epoch:
(VERY_HIGH   ) RuntimeInfoHook                    
(NORMAL      ) IterTimerHook                      
(NORMAL      ) DistSamplerSeedHook                
 -------------------- 
before_train_iter:
(VERY_HIGH   ) RuntimeInfoHook                    
(NORMAL      ) IterTimerHook                      
 -------------------- 
after_train_iter:
(VERY_HIGH   ) RuntimeInfoHook                    
(NORMAL      ) IterTimerHook                      
(BELOW_NORMAL) LoggerHook                         
(LOW         ) ParamSchedulerHook                 
(VERY_LOW    ) CheckpointHook                     
 -------------------- 
after_train_epoch:
(NORMAL      ) IterTimerHook                      
(LOW         ) ParamSchedulerHook                 
(VERY_LOW    ) CheckpointHook                     
 -------------------- 
before_val:
(VERY_HIGH   ) RuntimeInfoHook                    
 -------------------- 
before_val_epoch:
(NORMAL      ) IterTimerHook                      
 -------------------- 
before_val_iter:
(NORMAL      ) IterTimerHook                      
 -------------------- 
after_val_iter:
(NORMAL      ) IterTimerHook                      
(BELOW_NORMAL) LoggerHook                         
 -------------------- 
after_val_epoch:
(VERY_HIGH   ) RuntimeInfoHook                    
(NORMAL      ) IterTimerHook                      
(BELOW_NORMAL) LoggerHook                         
(LOW         ) ParamSchedulerHook                 
(VERY_LOW    ) CheckpointHook                     
 -------------------- 
after_val:
(VERY_HIGH   ) RuntimeInfoHook                    
 -------------------- 
after_train:
(VERY_HIGH   ) RuntimeInfoHook                    
(VERY_LOW    ) CheckpointHook                     
 -------------------- 
before_test:
(VERY_HIGH   ) RuntimeInfoHook                    
 -------------------- 
before_test_epoch:
(NORMAL      ) IterTimerHook                      
 -------------------- 
before_test_iter:
(NORMAL      ) IterTimerHook                      
 -------------------- 
after_test_iter:
(NORMAL      ) IterTimerHook                      
(BELOW_NORMAL) LoggerHook                         
 -------------------- 
after_test_epoch:
(VERY_HIGH   ) RuntimeInfoHook                    
(NORMAL      ) IterTimerHook                      
(BELOW_NORMAL) LoggerHook                         
 -------------------- 
after_test:
(VERY_HIGH   ) RuntimeInfoHook                    
 -------------------- 
after_run:
(BELOW_NORMAL) LoggerHook                         
 -------------------- 
